{"message":"Unauthorized request to path /","level":"error"}
{"message":"Unauthorized request to path /","level":"error"}
{"message":"Unauthorized request to path /","level":"error"}
{"message":"Unauthorized request to path /","level":"error"}
{"message":"Unauthorized request to path /","level":"error"}
{"message":"Unauthorized request to path /","level":"error"}
{"message":"Unauthorized request to path /bookmarks","level":"error"}
{"message":"Unauthorized request to path /bookmarks","level":"error"}
{"message":"Bookmark with an id 204fc16e-ed82-4ec5-95a0-1c1e44b66f7a deleted.","level":"info"}
{"message":"Bookmark with an id 32794dc8-3fa0-40de-840b-3f247e0a5bbb deleted.","level":"info"}
{"message":"Invalid rating '5'","level":"error"}
{"message":"Bookmark with id 1c55571c-1311-4f49-bf2e-672af596ac4c created","level":"info"}
{"message":"Bookmark with id 2db0dcd0-8bd4-4311-9443-910881b81651 created","level":"info"}
{"message":"Bookmark with an id 2db0dcd0-8bd4-4311-9443-910881b81651 deleted.","level":"info"}
{"message":"Bookmark with id of doesnt-exist not found.","level":"error"}
{"message":"Bookmark with an id 2b27e238-e669-4e97-a65c-f866838e3c5a deleted.","level":"info"}
{"message":"Bookmark with an id of doesnt-exist not found.","level":"error"}
{"message":"title is required","level":"error"}
{"message":"rating is required","level":"error"}
{"message":"Invalid rating 'invalid'","level":"error"}
{"message":"Invalid url htp://invalid-url","level":"error"}
{"message":"Bookmark with id 7177dd3e-31e6-419f-b3ff-ff1215e1ddf0 created","level":"info"}
{"message":"Bookmark with id of doesnt-exist not found.","level":"error"}
{"message":"Bookmark with an id cd459c70-bec3-4381-a9ca-b9133ae2371a deleted.","level":"info"}
{"message":"Bookmark with an id of doesnt-exist not found.","level":"error"}
{"message":"title is required","level":"error"}
{"message":"rating is required","level":"error"}
{"message":"Invalid rating 'invalid'","level":"error"}
{"message":"Invalid url htp://invalid-url","level":"error"}
{"message":"Bookmark with id 4b9b1649-4d88-4c5c-a689-8f5f194f769a created","level":"info"}
{"message":"Bookmark with id of doesnt-exist not found.","level":"error"}
{"message":"Bookmark with an id 81425410-720e-4a85-9134-ad6361ab541f deleted.","level":"info"}
{"message":"Bookmark with an id of doesnt-exist not found.","level":"error"}
{"message":"title is required","level":"error"}
{"message":"rating is required","level":"error"}
{"message":"Invalid rating 'invalid'","level":"error"}
{"message":"Invalid url htp://invalid-url","level":"error"}
{"message":"Bookmark with id 7211e8c1-7159-4135-9f80-cd3f75315255 created","level":"info"}
{"message":"Bookmark with id of doesnt-exist not found.","level":"error"}
{"message":"Bookmark with an id a3384a9a-f925-4167-9849-babf4e22c4bb deleted.","level":"info"}
{"message":"Bookmark with an id of doesnt-exist not found.","level":"error"}
{"message":"title is required","level":"error"}
{"message":"rating is required","level":"error"}
{"message":"Invalid rating 'invalid'","level":"error"}
{"message":"Invalid url htp://invalid-url","level":"error"}
{"message":"Bookmark with id 14c99d33-2d32-492e-a35a-14871ad4927c created","level":"info"}
{"message":"Bookmark with id of doesnt-exist not found.","level":"error"}
{"message":"Bookmark with an id a45cb172-b1f1-4ef6-8d4b-caeb0957ce18 deleted.","level":"info"}
{"message":"Bookmark with an id of doesnt-exist not found.","level":"error"}
{"message":"title is required","level":"error"}
{"message":"url is required","level":"error"}
{"message":"rating is required","level":"error"}
{"message":"Invalid rating 'invalid'","level":"error"}
{"message":"Invalid url htp://invalid-url","level":"error"}
{"message":"Bookmark with id 5c526bad-6ce3-4f35-819d-a70f2744f2d4 created","level":"info"}
{"message":"Bookmark with id of doesnt-exist not found.","level":"error"}
{"message":"Bookmark with an id ebcf7696-363f-48bc-917b-d1ff79a3e216 deleted.","level":"info"}
{"message":"Bookmark with an id of doesnt-exist not found.","level":"error"}
{"message":"title is required","level":"error"}
{"message":"url is required","level":"error"}
{"message":"rating is required","level":"error"}
{"message":"Invalid rating 'invalid'","level":"error"}
{"message":"Invalid url htp://invalid-url","level":"error"}
{"message":"Bookmark with id 272802c5-6c5d-4aa3-a00e-fd979b1a640a created","level":"info"}
{"message":"Bookmark with an id 0354bef3-4a1c-4ca8-aca4-e9e989e8a7ea deleted.","level":"info"}
{"message":"Bookmark with an id of doesnt-exist not found.","level":"error"}
{"message":"title is required","level":"error"}
{"message":"url is required","level":"error"}
{"message":"rating is required","level":"error"}
{"message":"Invalid rating 'invalid'","level":"error"}
{"message":"Invalid url htp://invalid-url","level":"error"}
{"message":"Bookmark with id 7b9bebed-4869-4fba-a415-cf1cb844bf43 created","level":"info"}
{"message":"Bookmark with id 123 not found.","level":"error"}
{"message":"Bookmark with an id 426c37bd-939f-4bd2-b262-f31d9c6254b2 deleted.","level":"info"}
{"message":"Bookmark with an id of doesnt-exist not found.","level":"error"}
{"message":"title is required","level":"error"}
{"message":"url is required","level":"error"}
{"message":"rating is required","level":"error"}
{"message":"Invalid rating 'invalid'","level":"error"}
{"message":"Invalid url htp://invalid-url","level":"error"}
{"message":"Bookmark with id 4e252ea2-3260-4f3a-a32f-be397e310b86 created","level":"info"}
{"message":"Bookmark with id 123 not found.","level":"error"}
{"message":"Bookmark with an id c26f9a0f-c690-482f-b65e-492c3317757e deleted.","level":"info"}
{"message":"Bookmark with an id of doesnt-exist not found.","level":"error"}
{"message":"title is required","level":"error"}
{"message":"url is required","level":"error"}
{"message":"rating is required","level":"error"}
{"message":"Invalid rating 'invalid'","level":"error"}
{"message":"Invalid url htp://invalid-url","level":"error"}
{"message":"Bookmark with id 2a2c57f3-a4ad-45ea-b901-6035a03c30eb created","level":"info"}
{"message":"Bookmark with id 123 not found.","level":"error"}
{"message":"Bookmark with id 123 deleted.","level":"info"}
{"message":"Bookmark with id 2 deleted.","level":"info"}
{"message":"title is required","level":"error"}
{"message":"url is required","level":"error"}
{"message":"rating is required","level":"error"}
{"message":"Invalid rating 'invalid'","level":"error"}
{"message":"Invalid url htp://invalid-url","level":"error"}
{"message":"Bookmark with id 1 created.","level":"info"}
{"message":"Bookmark with id 1 created.","level":"info"}
{"message":"Bookmark with id 123 not found.","level":"error"}
{"message":"Bookmark with id 123 deleted.","level":"info"}
{"message":"Bookmark with id 2 deleted.","level":"info"}
{"message":"title is required","level":"error"}
{"message":"url is required","level":"error"}
{"message":"rating is required","level":"error"}
{"message":"Invalid rating 'invalid'","level":"error"}
{"message":"Invalid url htp://invalid-url","level":"error"}
{"message":"Bookmark with id 1 created.","level":"info"}
{"message":"Bookmark with id 1 created.","level":"info"}
{"message":"Bookmark with id 123 not found.","level":"error"}
{"message":"Bookmark with id 123 deleted.","level":"info"}
{"message":"Bookmark with id 2 deleted.","level":"info"}
{"message":"title is required","level":"error"}
{"message":"url is required","level":"error"}
{"message":"rating is required","level":"error"}
{"message":"Invalid rating 'invalid'","level":"error"}
{"message":"Invalid url htp://invalid-url","level":"error"}
{"message":"Bookmark with id 1 created.","level":"info"}
{"message":"Bookmark with id 1 created.","level":"info"}
{"message":"Bookmark with id 123 not found.","level":"error"}
{"message":"Bookmark with id 123 deleted.","level":"info"}
{"message":"Bookmark with id 2 deleted.","level":"info"}
{"message":"title is required","level":"error"}
{"message":"url is required","level":"error"}
{"message":"rating is required","level":"error"}
{"message":"Invalid rating 'invalid'","level":"error"}
{"message":"Invalid url htp://invalid-url","level":"error"}
{"message":"Bookmark with id 1 created.","level":"info"}
{"message":"Bookmark with id 1 created.","level":"info"}
{"message":"Bookmark with id 123 not found.","level":"error"}
{"message":"Bookmark with id 123 deleted.","level":"info"}
{"message":"Bookmark with id 2 deleted.","level":"info"}
{"message":"title is required","level":"error"}
{"message":"url is required","level":"error"}
{"message":"rating is required","level":"error"}
{"message":"Invalid rating 'invalid'","level":"error"}
{"message":"Invalid url htp://invalid-url","level":"error"}
{"message":"Bookmark with id 1 created.","level":"info"}
{"message":"Bookmark with id 1 created.","level":"info"}
{"message":"Bookmark with id 123 not found.","level":"error"}
{"message":"Bookmark with id 123 deleted.","level":"info"}
{"message":"Bookmark with id 2 deleted.","level":"info"}
{"message":"title is required","level":"error"}
{"message":"url is required","level":"error"}
{"message":"rating is required","level":"error"}
{"message":"Invalid rating 'invalid'","level":"error"}
{"message":"Invalid url htp://invalid-url","level":"error"}
{"message":"Bookmark with id 1 created.","level":"info"}
{"message":"Bookmark with id 1 created.","level":"info"}
{"message":"Bookmark with id 123 not found.","level":"error"}
{"message":"Bookmark with id 123 not found.","level":"error"}
{"message":"Bookmark with id 2 deleted.","level":"info"}
{"message":"title is required","level":"error"}
{"message":"url is required","level":"error"}
{"message":"rating is required","level":"error"}
{"message":"Invalid rating 'invalid'","level":"error"}
{"message":"Invalid url htp://invalid-url","level":"error"}
{"message":"Bookmark with id 1 created.","level":"info"}
{"message":"Bookmark with id 1 created.","level":"info"}
{"message":"Bookmark with id 123 not found.","level":"error"}
{"message":"Bookmark with id 123 not found.","level":"error"}
{"message":"Bookmark with id 2 deleted.","level":"info"}
{"message":"title is required","level":"error"}
{"message":"url is required","level":"error"}
{"message":"rating is required","level":"error"}
{"message":"Invalid rating 'invalid'","level":"error"}
{"message":"Invalid url htp://invalid-url","level":"error"}
{"message":"Bookmark with id 1 created.","level":"info"}
{"message":"Bookmark with id 1 created.","level":"info"}
{"message":"Bookmark with id 123 not found.","level":"error"}
{"message":"Bookmark with id 123 not found.","level":"error"}
{"message":"Bookmark with id 2 deleted.","level":"info"}
{"message":"title is required","level":"error"}
{"message":"url is required","level":"error"}
{"message":"rating is required","level":"error"}
{"message":"Invalid rating 'invalid'","level":"error"}
{"message":"Invalid url htp://invalid-url","level":"error"}
{"message":"Bookmark with id 1 created.","level":"info"}
{"message":"Bookmark with id 1 created.","level":"info"}
{"message":"Bookmark with id 123 not found.","level":"error"}
{"message":"Bookmark with id 123 not found.","level":"error"}
{"message":"Bookmark with id 2 deleted.","level":"info"}
{"message":"title is required","level":"error"}
{"message":"url is required","level":"error"}
{"message":"rating is required","level":"error"}
{"message":"Invalid rating 'invalid' supplied","level":"error"}
{"message":"Invalid url 'htp://invalid-url' supplied","level":"error"}
{"message":"Bookmark with id 1 created.","level":"info"}
{"message":"Bookmark with id 1 created.","level":"info"}
{"message":"Bookmark with id 123456 not found.","level":"error"}
{"message":"Invalid update without required fields","level":"error"}
{"message":"Invalid rating 'invalid' supplied","level":"error"}
{"message":"Invalid url 'htp://invalid-url' supplied","level":"error"}
{"message":"Bookmark with id 123 not found.","level":"error"}
{"message":"Bookmark with id 123 not found.","level":"error"}
{"message":"Bookmark with id 2 deleted.","level":"info"}
{"message":"title is required","level":"error"}
{"message":"url is required","level":"error"}
{"message":"rating is required","level":"error"}
{"message":"Invalid rating 'invalid' supplied","level":"error"}
{"message":"Invalid url 'htp://invalid-url' supplied","level":"error"}
{"message":"Bookmark with id 1 created.","level":"info"}
{"message":"Bookmark with id 1 created.","level":"info"}
{"message":"Bookmark with id 123456 not found.","level":"error"}
{"message":"Invalid update without required fields","level":"error"}
{"message":"Invalid rating 'invalid' supplied","level":"error"}
{"message":"Invalid url 'htp://invalid-url' supplied","level":"error"}
{"message":"Bookmark with id 123 not found.","level":"error"}
{"message":"Bookmark with id 123 not found.","level":"error"}
{"message":"Bookmark with id 2 deleted.","level":"info"}
{"message":"title is required","level":"error"}
{"message":"url is required","level":"error"}
{"message":"rating is required","level":"error"}
{"message":"Invalid rating 'invalid' supplied","level":"error"}
{"message":"Invalid url 'htp://invalid-url' supplied","level":"error"}
{"message":"Bookmark with id 1 created.","level":"info"}
{"message":"Bookmark with id 1 created.","level":"info"}
{"message":"Bookmark with id 123456 not found.","level":"error"}
{"message":"Invalid update without required fields","level":"error"}
{"message":"Invalid rating 'invalid' supplied","level":"error"}
{"message":"Invalid url 'htp://invalid-url' supplied","level":"error"}
